<?xml version="1.0" encoding="UTF-8"?>
<testsuite xmlns:xsi="http://www.w3.org/2001/XMLSchema-instance" xsi:noNamespaceSchemaLocation="https://maven.apache.org/surefire/maven-surefire-plugin/xsd/surefire-test-report-3.0.xsd" version="3.0" name="com.engineerLiberty.ProductServiceApplicationTests" time="34.728" tests="1" errors="0" skipped="0" failures="0">
  <properties>
[...]
</properties>
  <testcase name="shouldCreateProduct" classname="com.engineerLiberty.ProductServiceApplicationTests" time="2.328">
    <system-out><![CDATA[15:01:32.452 [main] INFO org.springframework.test.context.support.AnnotationConfigContextLoaderUtils -- Could not detect default configuration classes for test class [com.engineerLiberty.ProductServiceApplicationTests]: ProductServiceApplicationTests does not declare any static, non-private, non-final, nested classes annotated with @Configuration.
15:01:32.647 [main] INFO org.springframework.boot.test.context.SpringBootTestContextBootstrapper -- Found @SpringBootConfiguration com.engineerLiberty.ProductServiceApplication for test class com.engineerLiberty.ProductServiceApplicationTests
15:01:33.079 [main] INFO org.testcontainers.utility.ImageNameSubstitutor -- Image name substitution will be performed by: DefaultImageNameSubstitutor (composite of 'ConfigurationFileImageNameSubstitutor' and 'PrefixingImageNameSubstitutor')
15:01:33.526 [main] INFO org.testcontainers.dockerclient.DockerClientProviderStrategy -- Loaded org.testcontainers.dockerclient.NpipeSocketClientProviderStrategy from ~/.testcontainers.properties, will try it first
15:01:34.608 [main] INFO org.testcontainers.dockerclient.DockerClientProviderStrategy -- Found Docker environment with local Npipe socket (npipe:////./pipe/docker_engine)
15:01:34.610 [main] INFO org.testcontainers.DockerClientFactory -- Docker host IP address is localhost
15:01:34.647 [main] INFO org.testcontainers.DockerClientFactory -- Connected to docker: 
  Server Version: 24.0.2
  API Version: 1.43
  Operating System: Docker Desktop
  Total Memory: 7904 MB
15:01:34.693 [main] INFO tc.testcontainers/ryuk:0.5.1 -- Creating container for image: testcontainers/ryuk:0.5.1
15:01:36.611 [main] INFO tc.testcontainers/ryuk:0.5.1 -- Container testcontainers/ryuk:0.5.1 is starting: cdc820bc53d91244259544d25e6375311a0417a5460b9321dfe4de1debd3596f
15:01:41.495 [main] INFO tc.testcontainers/ryuk:0.5.1 -- Container testcontainers/ryuk:0.5.1 started in PT6.8309801S
15:01:41.547 [main] INFO org.testcontainers.utility.RyukResourceReaper -- Ryuk started - will monitor and terminate Testcontainers containers on JVM exit
15:01:41.548 [main] INFO org.testcontainers.DockerClientFactory -- Checking the system...
15:01:41.548 [main] INFO org.testcontainers.DockerClientFactory -- ?? Docker server version should be at least 1.6.0
15:01:41.549 [main] INFO tc.mongo:4.4.2 -- Creating container for image: mongo:4.4.2
15:01:43.146 [main] INFO tc.mongo:4.4.2 -- Container mongo:4.4.2 is starting: 60ac76f20b69f39039858b193d3a07c8fc4d3838a66554546ffbe04a00664c08
15:01:53.216 [main] INFO tc.mongo:4.4.2 -- Container mongo:4.4.2 started in PT11.6667306S

  .   ____          _            __ _ _
 /\\ / ___'_ __ _ _(_)_ __  __ _ \ \ \ \
( ( )\___ | '_ | '_| | '_ \/ _` | \ \ \ \
 \\/  ___)| |_)| | | | | || (_| |  ) ) ) )
  '  |____| .__|_| |_|_| |_\__, | / / / /
 =========|_|==============|___/=/_/_/_/
 :: Spring Boot ::                (v3.1.2)

2023-09-15T15:01:59.185+01:00  INFO 19592 --- [           main] c.e.ProductServiceApplicationTests       : Starting ProductServiceApplicationTests using Java 17.0.7 with PID 19592 (started by NeptuneDev2 in C:\Users\NeptuneDev2\Desktop\microservice\product-service)
2023-09-15T15:01:59.187+01:00  INFO 19592 --- [           main] c.e.ProductServiceApplicationTests       : No active profile set, falling back to 1 default profile: "default"
2023-09-15T15:02:00.170+01:00  INFO 19592 --- [           main] .s.d.r.c.RepositoryConfigurationDelegate : Bootstrapping Spring Data MongoDB repositories in DEFAULT mode.
2023-09-15T15:02:00.240+01:00  INFO 19592 --- [           main] .s.d.r.c.RepositoryConfigurationDelegate : Finished Spring Data repository scanning in 64 ms. Found 2 MongoDB repository interfaces.
2023-09-15T15:02:00.895+01:00  INFO 19592 --- [           main] org.mongodb.driver.client                : MongoClient with metadata {"driver": {"name": "mongo-java-driver|sync|spring-boot", "version": "4.9.1"}, "os": {"type": "Windows", "name": "Windows 10", "architecture": "amd64", "version": "10.0"}, "platform": "Java/Amazon.com Inc./17.0.7+7-LTS"} created with settings MongoClientSettings{readPreference=primary, writeConcern=WriteConcern{w=null, wTimeout=null ms, journal=null}, retryWrites=true, retryReads=true, readConcern=ReadConcern{level=null}, credential=null, streamFactoryFactory=null, commandListeners=[], codecRegistry=ProvidersCodecRegistry{codecProviders=[ValueCodecProvider{}, BsonValueCodecProvider{}, DBRefCodecProvider{}, DBObjectCodecProvider{}, DocumentCodecProvider{}, CollectionCodecProvider{}, IterableCodecProvider{}, MapCodecProvider{}, GeoJsonCodecProvider{}, GridFSFileCodecProvider{}, Jsr310CodecProvider{}, JsonObjectCodecProvider{}, BsonCodecProvider{}, EnumCodecProvider{}, com.mongodb.client.model.mql.ExpressionCodecProvider@7ad889be, com.mongodb.Jep395RecordCodecProvider@4c063cb9]}, loggerSettings=LoggerSettings{maxDocumentLength=1000}, clusterSettings={hosts=[localhost:56902], srvServiceName=mongodb, mode=SINGLE, requiredClusterType=UNKNOWN, requiredReplicaSetName='null', serverSelector='null', clusterListeners='[]', serverSelectionTimeout='30000 ms', localThreshold='30000 ms'}, socketSettings=SocketSettings{connectTimeoutMS=10000, readTimeoutMS=0, receiveBufferSize=0, sendBufferSize=0}, heartbeatSocketSettings=SocketSettings{connectTimeoutMS=10000, readTimeoutMS=10000, receiveBufferSize=0, sendBufferSize=0}, connectionPoolSettings=ConnectionPoolSettings{maxSize=100, minSize=0, maxWaitTimeMS=120000, maxConnectionLifeTimeMS=0, maxConnectionIdleTimeMS=0, maintenanceInitialDelayMS=0, maintenanceFrequencyMS=60000, connectionPoolListeners=[], maxConnecting=2}, serverSettings=ServerSettings{heartbeatFrequencyMS=10000, minHeartbeatFrequencyMS=500, serverListeners='[]', serverMonitorListeners='[]'}, sslSettings=SslSettings{enabled=false, invalidHostNameAllowed=false, context=null}, applicationName='null', compressorList=[], uuidRepresentation=JAVA_LEGACY, serverApi=null, autoEncryptionSettings=null, contextProvider=null}
2023-09-15T15:02:00.946+01:00  INFO 19592 --- [localhost:56902] org.mongodb.driver.cluster               : Monitor thread successfully connected to server with description ServerDescription{address=localhost:56902, type=REPLICA_SET_PRIMARY, state=CONNECTED, ok=true, minWireVersion=0, maxWireVersion=9, maxDocumentSize=16777216, logicalSessionTimeoutMinutes=30, roundTripTimeNanos=36952200, setName='docker-rs', canonicalAddress=60ac76f20b69:27017, hosts=[60ac76f20b69:27017], passives=[], arbiters=[], primary='60ac76f20b69:27017', tagSet=TagSet{[]}, electionId=7fffffff0000000000000001, setVersion=1, topologyVersion=TopologyVersion{processId=650463cb0ae51c5dc37122ef, counter=6}, lastWriteDate=Fri Sep 15 15:01:58 WAT 2023, lastUpdateTimeNanos=198149481820400}
2023-09-15T15:02:02.081+01:00  INFO 19592 --- [           main] o.s.b.t.m.w.SpringBootMockServletContext : Initializing Spring TestDispatcherServlet ''
2023-09-15T15:02:02.081+01:00  INFO 19592 --- [           main] o.s.t.web.servlet.TestDispatcherServlet  : Initializing Servlet ''
2023-09-15T15:02:02.085+01:00  INFO 19592 --- [           main] o.s.t.web.servlet.TestDispatcherServlet  : Completed initialization in 2 ms
2023-09-15T15:02:02.113+01:00  INFO 19592 --- [           main] c.e.ProductServiceApplicationTests       : Started ProductServiceApplicationTests in 4.28 seconds (process running for 31.102)
]]></system-out>
  </testcase>
</testsuite>